<?xml version="1.0" encoding="UTF-8"?>
<!-- Generated by org.testng.reporters.JUnitReportReporter -->
<testsuite hostname="M5290478" failures="0" tests="2" name="com.testcases.DemoForDebugging" time="6.510" errors="0" timestamp="25 Jun 2021 09:00:44 GMT" skipped="0">
  <testcase classname="com.testcases.DemoForDebugging" name="homePage" time="1.902"/>
  <testcase classname="com.testcases.DemoForDebugging" name="launchURL" time="4.608"/>
</testsuite> <!-- com.testcases.DemoForDebugging -->
