<?xml version="1.0" encoding="UTF-8"?>
<!-- Generated by org.testng.reporters.JUnitReportReporter -->
<testsuite hostname="M5290478" failures="0" tests="1" name="com.testcases.Login" time="0.454" errors="0" timestamp="24 Jul 2021 05:54:32 GMT" skipped="0">
  <testcase classname="com.testcases.Login" name="fillContactData" time="0.454"/>
</testsuite> <!-- com.testcases.Login -->
