<?xml version="1.0" encoding="UTF-8"?>
<!-- Generated by org.testng.reporters.JUnitReportReporter -->
<testsuite hostname="M5290478" failures="0" tests="1" name="com.testcases.Free30DayTrial" time="0.020" errors="0" timestamp="10 Jul 2021 10:07:42 GMT" skipped="0">
  <testcase classname="com.testcases.Free30DayTrial" name="testMethod" time="0.020"/>
</testsuite> <!-- com.testcases.Free30DayTrial -->
