<?xml version="1.0" encoding="UTF-8"?>
<!-- Generated by org.testng.reporters.JUnitReportReporter -->
<testsuite hostname="M5290478" failures="0" tests="3" name="com.testcases.TFree30DayTrial" time="0.029" errors="0" timestamp="10 Jul 2021 10:31:07 GMT" skipped="0">
  <testcase classname="com.testcases.TFree30DayTrial" name="testMethod1" time="0.023"/>
  <testcase classname="com.testcases.TFree30DayTrial" name="testMethod3" time="0.003"/>
  <testcase classname="com.testcases.TFree30DayTrial" name="testMethod2" time="0.003"/>
</testsuite> <!-- com.testcases.TFree30DayTrial -->
