<?xml version="1.0" encoding="UTF-8"?>
<!-- Generated by org.testng.reporters.JUnitReportReporter -->
<testsuite hostname="M5290478" failures="0" tests="1" name="com.testcases.FreeDayTrial" time="2.928" errors="0" timestamp="24 Jul 2021 05:54:32 GMT" skipped="0">
  <testcase classname="com.testcases.FreeDayTrial" name="testMethod1" time="2.928"/>
</testsuite> <!-- com.testcases.FreeDayTrial -->
