<?xml version="1.0" encoding="UTF-8"?>
<!-- Generated by org.testng.reporters.JUnitReportReporter -->
<testsuite hostname="M5290478" failures="0" tests="1" name="com.testcases.FreeDayTrial" time="3.662" errors="0" timestamp="24 Jul 2021 08:59:14 GMT" skipped="0">
  <testcase classname="com.testcases.FreeDayTrial" name="testMethod1" time="3.662"/>
</testsuite> <!-- com.testcases.FreeDayTrial -->
